<?xml version="1.0" encoding="UTF-8"?>
<testsuite xmlns:xsi="http://www.w3.org/2001/XMLSchema-instance" xsi:noNamespaceSchemaLocation="https://maven.apache.org/surefire/maven-surefire-plugin/xsd/surefire-test-report.xsd" name="org.kie.remote.impl.RemoteFactHandleTest" time="0" tests="3" errors="0" skipped="0" failures="0">
  <properties>
    <property name="awt.toolkit" value="sun.awt.X11.XToolkit"/>
    <property name="file.encoding.pkg" value="sun.io"/>
    <property name="java.specification.version" value="1.8"/>
    <property name="sun.cpu.isalist" value=""/>
    <property name="sun.jnu.encoding" value="UTF-8"/>
    <property name="java.class.path" value="/data/drools_w/drools-4974/openshift-drools-hacep/ha-remote/target/test-classes:/data/drools_w/drools-4974/openshift-drools-hacep/ha-remote/target/classes:/home/max/.m2/repository/org/slf4j/slf4j-api/1.7.26/slf4j-api-1.7.26.jar:/home/max/.m2/repository/org/assertj/assertj-core/3.14.0/assertj-core-3.14.0.jar:/home/max/.m2/repository/junit/junit/4.12/junit-4.12.jar:/home/max/.m2/repository/org/hamcrest/hamcrest-core/1.3/hamcrest-core-1.3.jar:/home/max/.m2/repository/org/mockito/mockito-core/1.10.19/mockito-core-1.10.19.jar:/home/max/.m2/repository/org/objenesis/objenesis/2.1/objenesis-2.1.jar:"/>
    <property name="org.uberfire.nio.git.daemon.enabled" value="false"/>
    <property name="java.vm.vendor" value="Oracle Corporation"/>
    <property name="sun.arch.data.model" value="64"/>
    <property name="java.vendor.url" value="http://java.oracle.com/"/>
    <property name="user.timezone" value=""/>
    <property name="java.vm.specification.version" value="1.8"/>
    <property name="os.name" value="Linux"/>
    <property name="user.country" value="IT"/>
    <property name="sun.java.launcher" value="SUN_STANDARD"/>
    <property name="sun.boot.library.path" value="/home/max/.sdkman/candidates/java/8.0.232-open/jre/lib/amd64"/>
    <property name="sun.java.command" value="/data/drools_w/drools-4974/openshift-drools-hacep/ha-remote/target/surefire/surefirebooter5790824487567489417.jar /data/drools_w/drools-4974/openshift-drools-hacep/ha-remote/target/surefire 2020-01-24T15-08-54_401-jvmRun1 surefire2819080464673650898tmp surefire_05881805086751558204tmp"/>
    <property name="surefire.test.class.path" value="/data/drools_w/drools-4974/openshift-drools-hacep/ha-remote/target/test-classes:/data/drools_w/drools-4974/openshift-drools-hacep/ha-remote/target/classes:/home/max/.m2/repository/org/slf4j/slf4j-api/1.7.26/slf4j-api-1.7.26.jar:/home/max/.m2/repository/org/assertj/assertj-core/3.14.0/assertj-core-3.14.0.jar:/home/max/.m2/repository/junit/junit/4.12/junit-4.12.jar:/home/max/.m2/repository/org/hamcrest/hamcrest-core/1.3/hamcrest-core-1.3.jar:/home/max/.m2/repository/org/mockito/mockito-core/1.10.19/mockito-core-1.10.19.jar:/home/max/.m2/repository/org/objenesis/objenesis/2.1/objenesis-2.1.jar:"/>
    <property name="sun.cpu.endian" value="little"/>
    <property name="user.home" value="/home/max"/>
    <property name="user.language" value="it"/>
    <property name="java.specification.vendor" value="Oracle Corporation"/>
    <property name="java.home" value="/home/max/.sdkman/candidates/java/8.0.232-open/jre"/>
    <property name="basedir" value="/data/drools_w/drools-4974/openshift-drools-hacep/ha-remote"/>
    <property name="file.separator" value="/"/>
    <property name="line.separator" value="&#10;"/>
    <property name="java.vm.specification.vendor" value="Oracle Corporation"/>
    <property name="java.specification.name" value="Java Platform API Specification"/>
    <property name="java.awt.graphicsenv" value="sun.awt.X11GraphicsEnvironment"/>
    <property name="org.uberfire.sys.repo.monitor.disabled" value="true"/>
    <property name="surefire.real.class.path" value="/data/drools_w/drools-4974/openshift-drools-hacep/ha-remote/target/surefire/surefirebooter5790824487567489417.jar"/>
    <property name="sun.boot.class.path" value="/home/max/.sdkman/candidates/java/8.0.232-open/jre/lib/resources.jar:/home/max/.sdkman/candidates/java/8.0.232-open/jre/lib/rt.jar:/home/max/.sdkman/candidates/java/8.0.232-open/jre/lib/sunrsasign.jar:/home/max/.sdkman/candidates/java/8.0.232-open/jre/lib/jsse.jar:/home/max/.sdkman/candidates/java/8.0.232-open/jre/lib/jce.jar:/home/max/.sdkman/candidates/java/8.0.232-open/jre/lib/charsets.jar:/home/max/.sdkman/candidates/java/8.0.232-open/jre/lib/jfr.jar:/home/max/.sdkman/candidates/java/8.0.232-open/jre/classes"/>
    <property name="sun.management.compiler" value="HotSpot 64-Bit Tiered Compilers"/>
    <property name="java.runtime.version" value="1.8.0_232-b09"/>
    <property name="user.name" value="max"/>
    <property name="path.separator" value=":"/>
    <property name="os.version" value="5.3.0-26-generic"/>
    <property name="java.endorsed.dirs" value="/home/max/.sdkman/candidates/java/8.0.232-open/jre/lib/endorsed"/>
    <property name="java.runtime.name" value="OpenJDK Runtime Environment"/>
    <property name="file.encoding" value="UTF-8"/>
    <property name="java.vm.name" value="OpenJDK 64-Bit Server VM"/>
    <property name="org.uberfire.nio.git.ssh.enabled" value="false"/>
    <property name="localRepository" value="/home/max/.m2/repository"/>
    <property name="java.vendor.url.bug" value="http://bugreport.sun.com/bugreport/"/>
    <property name="java.io.tmpdir" value="/data/drools_w/drools-4974/openshift-drools-hacep/ha-remote/target"/>
    <property name="java.version" value="1.8.0_232"/>
    <property name="user.dir" value="/data/drools_w/drools-4974/openshift-drools-hacep/ha-remote"/>
    <property name="os.arch" value="amd64"/>
    <property name="java.vm.specification.name" value="Java Virtual Machine Specification"/>
    <property name="java.awt.printerjob" value="sun.print.PSPrinterJob"/>
    <property name="sun.os.patch.level" value="unknown"/>
    <property name="java.library.path" value="/usr/java/packages/lib/amd64:/usr/lib64:/lib64:/lib:/usr/lib"/>
    <property name="java.vm.info" value="mixed mode"/>
    <property name="java.vendor" value="Oracle Corporation"/>
    <property name="java.vm.version" value="25.232-b09"/>
    <property name="java.ext.dirs" value="/home/max/.sdkman/candidates/java/8.0.232-open/jre/lib/ext:/usr/java/packages/lib/ext"/>
    <property name="sun.io.unicode.encoding" value="UnicodeLittle"/>
    <property name="apple.awt.UIElement" value="true"/>
    <property name="java.class.version" value="52.0"/>
  </properties>
  <testcase name="constructorTest" classname="org.kie.remote.impl.RemoteFactHandleTest" time="0"/>
  <testcase name="equalsTest" classname="org.kie.remote.impl.RemoteFactHandleTest" time="0"/>
  <testcase name="defaultConstructorTest" classname="org.kie.remote.impl.RemoteFactHandleTest" time="0"/>
</testsuite>