<?xml version="1.0" encoding="UTF-8"?>
<testsuite xmlns:xsi="http://www.w3.org/2001/XMLSchema-instance" xsi:noNamespaceSchemaLocation="https://maven.apache.org/surefire/maven-surefire-plugin/xsd/surefire-test-report.xsd" name="org.kie.hacep.core.infra.SnapshotOnDemandUtilsTest" time="120.005" tests="2" errors="0" skipped="0" failures="0">
  <properties>
    <property name="awt.toolkit" value="sun.awt.X11.XToolkit"/>
    <property name="file.encoding.pkg" value="sun.io"/>
    <property name="java.specification.version" value="1.8"/>
    <property name="sun.cpu.isalist" value=""/>
    <property name="sun.jnu.encoding" value="UTF-8"/>
    <property name="java.class.path" value="/data/drools_w/drools-4974/openshift-drools-hacep/ha-core-infra/target/test-classes:/data/drools_w/drools-4974/openshift-drools-hacep/ha-core-infra/target/classes:/data/drools_w/drools-4974/openshift-drools-hacep/ha-core/target/ha-core.jar:/home/max/.m2/repository/org/kie/kie-ci/7.33.0-SNAPSHOT/kie-ci-7.33.0-SNAPSHOT.jar:/home/max/.m2/repository/org/drools/drools-core-reflective/7.33.0-SNAPSHOT/drools-core-reflective-7.33.0-SNAPSHOT.jar:/home/max/.m2/repository/org/drools/drools-core-dynamic/7.33.0-SNAPSHOT/drools-core-dynamic-7.33.0-SNAPSHOT.jar:/home/max/.m2/repository/org/drools/drools-core/7.33.0-SNAPSHOT/drools-core-7.33.0-SNAPSHOT.jar:/home/max/.m2/repository/org/kie/soup/kie-soup-project-datamodel-commons/7.33.0-SNAPSHOT/kie-soup-project-datamodel-commons-7.33.0-SNAPSHOT.jar:/home/max/.m2/repository/org/kie/soup/kie-soup-project-datamodel-api/7.33.0-SNAPSHOT/kie-soup-project-datamodel-api-7.33.0-SNAPSHOT.jar:/home/max/.m2/repository/commons-codec/commons-codec/1.10/commons-codec-1.10.jar:/home/max/.m2/repository/org/kie/kie-internal/7.33.0-SNAPSHOT/kie-internal-7.33.0-SNAPSHOT.jar:/home/max/.m2/repository/org/kie/kie-api/7.33.0-SNAPSHOT/kie-api-7.33.0-SNAPSHOT.jar:/home/max/.m2/repository/org/kie/soup/kie-soup-maven-support/7.33.0-SNAPSHOT/kie-soup-maven-support-7.33.0-SNAPSHOT.jar:/home/max/.m2/repository/org/kie/soup/kie-soup-maven-integration/7.33.0-SNAPSHOT/kie-soup-maven-integration-7.33.0-SNAPSHOT.jar:/home/max/.m2/repository/org/apache/maven/maven-artifact/3.3.9/maven-artifact-3.3.9.jar:/home/max/.m2/repository/org/apache/maven/maven-plugin-api/3.3.9/maven-plugin-api-3.3.9.jar:/home/max/.m2/repository/org/eclipse/aether/aether-util/1.1.0/aether-util-1.1.0.jar:/home/max/.m2/repository/org/eclipse/aether/aether-spi/1.1.0/aether-spi-1.1.0.jar:/home/max/.m2/repository/org/eclipse/aether/aether-transport-file/1.1.0/aether-transport-file-1.1.0.jar:/home/max/.m2/repository/org/eclipse/aether/aether-transport-http/1.1.0/aether-transport-http-1.1.0.jar:/home/max/.m2/repository/org/apache/ant/ant/1.8.4/ant-1.8.4.jar:/home/max/.m2/repository/org/apache/ant/ant-launcher/1.8.4/ant-launcher-1.8.4.jar:/home/max/.m2/repository/org/apache/httpcomponents/httpcore/4.4.6/httpcore-4.4.6.jar:/home/max/.m2/repository/com/google/inject/guice/4.0/guice-4.0-no_aop.jar:/home/max/.m2/repository/javax/inject/javax.inject/1/javax.inject-1.jar:/home/max/.m2/repository/org/apache/maven/maven-core/3.3.9/maven-core-3.3.9.jar:/home/max/.m2/repository/org/apache/maven/maven-repository-metadata/3.3.9/maven-repository-metadata-3.3.9.jar:/home/max/.m2/repository/org/codehaus/plexus/plexus-interpolation/1.21/plexus-interpolation-1.21.jar:/home/max/.m2/repository/org/codehaus/plexus/plexus-component-annotations/1.6/plexus-component-annotations-1.6.jar:/home/max/.m2/repository/org/apache/commons/commons-lang3/3.8.1/commons-lang3-3.8.1.jar:/home/max/.m2/repository/org/apache/maven/maven-model/3.3.9/maven-model-3.3.9.jar:/home/max/.m2/repository/org/apache/maven/maven-model-builder/3.3.9/maven-model-builder-3.3.9.jar:/home/max/.m2/repository/org/apache/maven/maven-builder-support/3.3.9/maven-builder-support-3.3.9.jar:/home/max/.m2/repository/com/google/guava/guava/25.0-jre/guava-25.0-jre.jar:/home/max/.m2/repository/com/google/code/findbugs/jsr305/1.3.9/jsr305-1.3.9.jar:/home/max/.m2/repository/org/checkerframework/checker-compat-qual/2.0.0/checker-compat-qual-2.0.0.jar:/home/max/.m2/repository/com/google/errorprone/error_prone_annotations/2.1.3/error_prone_annotations-2.1.3.jar:/home/max/.m2/repository/com/google/j2objc/j2objc-annotations/1.1/j2objc-annotations-1.1.jar:/home/max/.m2/repository/org/codehaus/mojo/animal-sniffer-annotations/1.14/animal-sniffer-annotations-1.14.jar:/home/max/.m2/repository/org/apache/maven/maven-settings/3.3.9/maven-settings-3.3.9.jar:/home/max/.m2/repository/org/apache/maven/maven-settings-builder/3.3.9/maven-settings-builder-3.3.9.jar:/home/max/.m2/repository/org/apache/maven/maven-compat/3.3.9/maven-compat-3.3.9.jar:/home/max/.m2/repository/org/apache/maven/maven-aether-provider/3.3.9/maven-aether-provider-3.3.9.jar:/home/max/.m2/repository/org/apache/maven/wagon/wagon-provider-api/3.0.0/wagon-provider-api-3.0.0.jar:/home/max/.m2/repository/org/sonatype/plexus/plexus-sec-dispatcher/1.3/plexus-sec-dispatcher-1.3.jar:/home/max/.m2/repository/org/codehaus/plexus/plexus-classworlds/2.5.2/plexus-classworlds-2.5.2.jar:/home/max/.m2/repository/org/codehaus/plexus/plexus-utils/3.0.22/plexus-utils-3.0.22.jar:/home/max/.m2/repository/org/eclipse/aether/aether-api/1.1.0/aether-api-1.1.0.jar:/home/max/.m2/repository/org/eclipse/aether/aether-impl/1.1.0/aether-impl-1.1.0.jar:/home/max/.m2/repository/org/eclipse/aether/aether-connector-basic/1.1.0/aether-connector-basic-1.1.0.jar:/home/max/.m2/repository/org/eclipse/aether/aether-transport-wagon/1.1.0/aether-transport-wagon-1.1.0.jar:/home/max/.m2/repository/org/eclipse/sisu/org.eclipse.sisu.plexus/0.3.2/org.eclipse.sisu.plexus-0.3.2.jar:/home/max/.m2/repository/javax/enterprise/cdi-api/2.0.SP1/cdi-api-2.0.SP1.jar:/home/max/.m2/repository/org/eclipse/sisu/org.eclipse.sisu.inject/0.3.2/org.eclipse.sisu.inject-0.3.2.jar:/home/max/.m2/repository/org/apache/maven/wagon/wagon-http/3.0.0/wagon-http-3.0.0.jar:/home/max/.m2/repository/org/apache/maven/wagon/wagon-http-shared/3.0.0/wagon-http-shared-3.0.0.jar:/home/max/.m2/repository/org/jsoup/jsoup/1.8.3/jsoup-1.8.3.jar:/home/max/.m2/repository/org/apache/httpcomponents/httpclient/4.5.3/httpclient-4.5.3.jar:/home/max/.m2/repository/commons-io/commons-io/2.6/commons-io-2.6.jar:/home/max/.m2/repository/org/slf4j/jcl-over-slf4j/1.7.26/jcl-over-slf4j-1.7.26.jar:/home/max/.m2/repository/org/sonatype/plexus/plexus-cipher/1.7/plexus-cipher-1.7.jar:/home/max/.m2/repository/org/drools/drools-compiler/7.33.0-SNAPSHOT/drools-compiler-7.33.0-SNAPSHOT.jar:/home/max/.m2/repository/org/kie/soup/kie-soup-commons/7.33.0-SNAPSHOT/kie-soup-commons-7.33.0-SNAPSHOT.jar:/home/max/.m2/repository/org/antlr/antlr-runtime/3.5.2/antlr-runtime-3.5.2.jar:/home/max/.m2/repository/org/mvel/mvel2/2.4.4.Final/mvel2-2.4.4.Final.jar:/home/max/.m2/repository/com/thoughtworks/xstream/xstream/1.4.11.1/xstream-1.4.11.1.jar:/home/max/.m2/repository/xmlpull/xmlpull/1.2.0/xmlpull-1.2.0.jar:/home/max/.m2/repository/xpp3/xpp3_min/1.2.0/xpp3_min-1.2.0.jar:/home/max/.m2/repository/com/google/protobuf/protobuf-java/3.6.1/protobuf-java-3.6.1.jar:/data/drools_w/drools-4974/openshift-drools-hacep/ha-remote/target/ha-remote.jar:/home/max/.m2/repository/org/slf4j/slf4j-api/1.7.26/slf4j-api-1.7.26.jar:/home/max/.m2/repository/org/apache/kafka/kafka-clients/2.2.1/kafka-clients-2.2.1.jar:/home/max/.m2/repository/com/github/luben/zstd-jni/1.3.8-1/zstd-jni-1.3.8-1.jar:/home/max/.m2/repository/org/lz4/lz4-java/1.5.0/lz4-java-1.5.0.jar:/home/max/.m2/repository/org/xerial/snappy/snappy-java/1.1.7.2/snappy-java-1.1.7.2.jar:/home/max/.m2/repository/io/fabric8/kubernetes-client/4.6.0/kubernetes-client-4.6.0.jar:/home/max/.m2/repository/io/fabric8/kubernetes-model/4.6.0/kubernetes-model-4.6.0.jar:/home/max/.m2/repository/io/fabric8/kubernetes-model-common/4.6.0/kubernetes-model-common-4.6.0.jar:/home/max/.m2/repository/com/squareup/okhttp3/okhttp/3.12.1/okhttp-3.12.1.jar:/home/max/.m2/repository/com/squareup/okio/okio/1.15.0/okio-1.15.0.jar:/home/max/.m2/repository/com/squareup/okhttp3/logging-interceptor/3.12.1/logging-interceptor-3.12.1.jar:/home/max/.m2/repository/org/slf4j/jul-to-slf4j/1.7.26/jul-to-slf4j-1.7.26.jar:/home/max/.m2/repository/com/fasterxml/jackson/dataformat/jackson-dataformat-yaml/2.9.9/jackson-dataformat-yaml-2.9.9.jar:/home/max/.m2/repository/org/yaml/snakeyaml/1.18/snakeyaml-1.18.jar:/home/max/.m2/repository/com/fasterxml/jackson/core/jackson-databind/2.9.10.1/jackson-databind-2.9.10.1.jar:/home/max/.m2/repository/com/fasterxml/jackson/core/jackson-annotations/2.9.9/jackson-annotations-2.9.9.jar:/home/max/.m2/repository/com/fasterxml/jackson/core/jackson-core/2.9.9/jackson-core-2.9.9.jar:/home/max/.m2/repository/io/fabric8/zjsonpatch/0.3.0/zjsonpatch-0.3.0.jar:/home/max/.m2/repository/com/github/mifmif/generex/1.0.2/generex-1.0.2.jar:/home/max/.m2/repository/dk/brics/automaton/automaton/1.11-8/automaton-1.11-8.jar:/home/max/.m2/repository/com/github/danielwegener/logback-kafka-appender/0.2.0-RC2/logback-kafka-appender-0.2.0-RC2.jar:/home/max/.m2/repository/ch/qos/logback/logback-classic/1.2.3/logback-classic-1.2.3.jar:/home/max/.m2/repository/ch/qos/logback/logback-core/1.2.3/logback-core-1.2.3.jar:/home/max/.m2/repository/org/powermock/powermock-module-junit4/1.7.4/powermock-module-junit4-1.7.4.jar:/home/max/.m2/repository/org/powermock/powermock-module-junit4-common/1.7.4/powermock-module-junit4-common-1.7.4.jar:/home/max/.m2/repository/org/powermock/powermock-reflect/1.7.4/powermock-reflect-1.7.4.jar:/home/max/.m2/repository/org/powermock/powermock-core/1.7.4/powermock-core-1.7.4.jar:/home/max/.m2/repository/org/javassist/javassist/3.22.0-GA/javassist-3.22.0-GA.jar:/home/max/.m2/repository/org/hamcrest/hamcrest-core/1.3/hamcrest-core-1.3.jar:/home/max/.m2/repository/org/powermock/powermock-api-mockito/1.7.4/powermock-api-mockito-1.7.4.jar:/home/max/.m2/repository/org/powermock/powermock-api-mockito-common/1.7.4/powermock-api-mockito-common-1.7.4.jar:/home/max/.m2/repository/org/powermock/powermock-api-support/1.7.4/powermock-api-support-1.7.4.jar:/home/max/.m2/repository/org/apache/kafka/kafka_2.12/2.2.1/kafka_2.12-2.2.1.jar:/home/max/.m2/repository/com/fasterxml/jackson/datatype/jackson-datatype-jdk8/2.10.1/jackson-datatype-jdk8-2.10.1.jar:/home/max/.m2/repository/net/sf/jopt-simple/jopt-simple/5.0.4/jopt-simple-5.0.4.jar:/home/max/.m2/repository/com/yammer/metrics/metrics-core/2.2.0/metrics-core-2.2.0.jar:/home/max/.m2/repository/org/scala-lang/scala-library/2.12.8/scala-library-2.12.8.jar:/home/max/.m2/repository/org/scala-lang/scala-reflect/2.12.8/scala-reflect-2.12.8.jar:/home/max/.m2/repository/com/typesafe/scala-logging/scala-logging_2.12/3.9.0/scala-logging_2.12-3.9.0.jar:/home/max/.m2/repository/com/101tec/zkclient/0.11/zkclient-0.11.jar:/home/max/.m2/repository/org/apache/zookeeper/zookeeper/3.4.13/zookeeper-3.4.13.jar:/home/max/.m2/repository/org/apache/yetus/audience-annotations/0.5.0/audience-annotations-0.5.0.jar:/home/max/.m2/repository/org/apache/kafka/kafka_2.12/2.2.1/kafka_2.12-2.2.1-test.jar:/home/max/.m2/repository/org/apache/kafka/kafka-clients/2.2.1/kafka-clients-2.2.1-test.jar:/home/max/.m2/repository/junit/junit/4.12/junit-4.12.jar:/home/max/.m2/repository/org/mockito/mockito-core/1.10.19/mockito-core-1.10.19.jar:/home/max/.m2/repository/org/objenesis/objenesis/2.1/objenesis-2.1.jar:"/>
    <property name="org.uberfire.nio.git.daemon.enabled" value="false"/>
    <property name="java.vm.vendor" value="Oracle Corporation"/>
    <property name="sun.arch.data.model" value="64"/>
    <property name="java.vendor.url" value="http://java.oracle.com/"/>
    <property name="user.timezone" value=""/>
    <property name="java.vm.specification.version" value="1.8"/>
    <property name="os.name" value="Linux"/>
    <property name="user.country" value="IT"/>
    <property name="sun.java.launcher" value="SUN_STANDARD"/>
    <property name="sun.boot.library.path" value="/home/max/.sdkman/candidates/java/8.0.232-open/jre/lib/amd64"/>
    <property name="sun.java.command" value="/data/drools_w/drools-4974/openshift-drools-hacep/ha-core-infra/target/surefire/surefirebooter8305531782001420079.jar /data/drools_w/drools-4974/openshift-drools-hacep/ha-core-infra/target/surefire 2020-01-24T15-08-54_401-jvmRun1 surefire1980815838977126628tmp surefire_2268087418241208831tmp"/>
    <property name="surefire.test.class.path" value="/data/drools_w/drools-4974/openshift-drools-hacep/ha-core-infra/target/test-classes:/data/drools_w/drools-4974/openshift-drools-hacep/ha-core-infra/target/classes:/data/drools_w/drools-4974/openshift-drools-hacep/ha-core/target/ha-core.jar:/home/max/.m2/repository/org/kie/kie-ci/7.33.0-SNAPSHOT/kie-ci-7.33.0-SNAPSHOT.jar:/home/max/.m2/repository/org/drools/drools-core-reflective/7.33.0-SNAPSHOT/drools-core-reflective-7.33.0-SNAPSHOT.jar:/home/max/.m2/repository/org/drools/drools-core-dynamic/7.33.0-SNAPSHOT/drools-core-dynamic-7.33.0-SNAPSHOT.jar:/home/max/.m2/repository/org/drools/drools-core/7.33.0-SNAPSHOT/drools-core-7.33.0-SNAPSHOT.jar:/home/max/.m2/repository/org/kie/soup/kie-soup-project-datamodel-commons/7.33.0-SNAPSHOT/kie-soup-project-datamodel-commons-7.33.0-SNAPSHOT.jar:/home/max/.m2/repository/org/kie/soup/kie-soup-project-datamodel-api/7.33.0-SNAPSHOT/kie-soup-project-datamodel-api-7.33.0-SNAPSHOT.jar:/home/max/.m2/repository/commons-codec/commons-codec/1.10/commons-codec-1.10.jar:/home/max/.m2/repository/org/kie/kie-internal/7.33.0-SNAPSHOT/kie-internal-7.33.0-SNAPSHOT.jar:/home/max/.m2/repository/org/kie/kie-api/7.33.0-SNAPSHOT/kie-api-7.33.0-SNAPSHOT.jar:/home/max/.m2/repository/org/kie/soup/kie-soup-maven-support/7.33.0-SNAPSHOT/kie-soup-maven-support-7.33.0-SNAPSHOT.jar:/home/max/.m2/repository/org/kie/soup/kie-soup-maven-integration/7.33.0-SNAPSHOT/kie-soup-maven-integration-7.33.0-SNAPSHOT.jar:/home/max/.m2/repository/org/apache/maven/maven-artifact/3.3.9/maven-artifact-3.3.9.jar:/home/max/.m2/repository/org/apache/maven/maven-plugin-api/3.3.9/maven-plugin-api-3.3.9.jar:/home/max/.m2/repository/org/eclipse/aether/aether-util/1.1.0/aether-util-1.1.0.jar:/home/max/.m2/repository/org/eclipse/aether/aether-spi/1.1.0/aether-spi-1.1.0.jar:/home/max/.m2/repository/org/eclipse/aether/aether-transport-file/1.1.0/aether-transport-file-1.1.0.jar:/home/max/.m2/repository/org/eclipse/aether/aether-transport-http/1.1.0/aether-transport-http-1.1.0.jar:/home/max/.m2/repository/org/apache/ant/ant/1.8.4/ant-1.8.4.jar:/home/max/.m2/repository/org/apache/ant/ant-launcher/1.8.4/ant-launcher-1.8.4.jar:/home/max/.m2/repository/org/apache/httpcomponents/httpcore/4.4.6/httpcore-4.4.6.jar:/home/max/.m2/repository/com/google/inject/guice/4.0/guice-4.0-no_aop.jar:/home/max/.m2/repository/javax/inject/javax.inject/1/javax.inject-1.jar:/home/max/.m2/repository/org/apache/maven/maven-core/3.3.9/maven-core-3.3.9.jar:/home/max/.m2/repository/org/apache/maven/maven-repository-metadata/3.3.9/maven-repository-metadata-3.3.9.jar:/home/max/.m2/repository/org/codehaus/plexus/plexus-interpolation/1.21/plexus-interpolation-1.21.jar:/home/max/.m2/repository/org/codehaus/plexus/plexus-component-annotations/1.6/plexus-component-annotations-1.6.jar:/home/max/.m2/repository/org/apache/commons/commons-lang3/3.8.1/commons-lang3-3.8.1.jar:/home/max/.m2/repository/org/apache/maven/maven-model/3.3.9/maven-model-3.3.9.jar:/home/max/.m2/repository/org/apache/maven/maven-model-builder/3.3.9/maven-model-builder-3.3.9.jar:/home/max/.m2/repository/org/apache/maven/maven-builder-support/3.3.9/maven-builder-support-3.3.9.jar:/home/max/.m2/repository/com/google/guava/guava/25.0-jre/guava-25.0-jre.jar:/home/max/.m2/repository/com/google/code/findbugs/jsr305/1.3.9/jsr305-1.3.9.jar:/home/max/.m2/repository/org/checkerframework/checker-compat-qual/2.0.0/checker-compat-qual-2.0.0.jar:/home/max/.m2/repository/com/google/errorprone/error_prone_annotations/2.1.3/error_prone_annotations-2.1.3.jar:/home/max/.m2/repository/com/google/j2objc/j2objc-annotations/1.1/j2objc-annotations-1.1.jar:/home/max/.m2/repository/org/codehaus/mojo/animal-sniffer-annotations/1.14/animal-sniffer-annotations-1.14.jar:/home/max/.m2/repository/org/apache/maven/maven-settings/3.3.9/maven-settings-3.3.9.jar:/home/max/.m2/repository/org/apache/maven/maven-settings-builder/3.3.9/maven-settings-builder-3.3.9.jar:/home/max/.m2/repository/org/apache/maven/maven-compat/3.3.9/maven-compat-3.3.9.jar:/home/max/.m2/repository/org/apache/maven/maven-aether-provider/3.3.9/maven-aether-provider-3.3.9.jar:/home/max/.m2/repository/org/apache/maven/wagon/wagon-provider-api/3.0.0/wagon-provider-api-3.0.0.jar:/home/max/.m2/repository/org/sonatype/plexus/plexus-sec-dispatcher/1.3/plexus-sec-dispatcher-1.3.jar:/home/max/.m2/repository/org/codehaus/plexus/plexus-classworlds/2.5.2/plexus-classworlds-2.5.2.jar:/home/max/.m2/repository/org/codehaus/plexus/plexus-utils/3.0.22/plexus-utils-3.0.22.jar:/home/max/.m2/repository/org/eclipse/aether/aether-api/1.1.0/aether-api-1.1.0.jar:/home/max/.m2/repository/org/eclipse/aether/aether-impl/1.1.0/aether-impl-1.1.0.jar:/home/max/.m2/repository/org/eclipse/aether/aether-connector-basic/1.1.0/aether-connector-basic-1.1.0.jar:/home/max/.m2/repository/org/eclipse/aether/aether-transport-wagon/1.1.0/aether-transport-wagon-1.1.0.jar:/home/max/.m2/repository/org/eclipse/sisu/org.eclipse.sisu.plexus/0.3.2/org.eclipse.sisu.plexus-0.3.2.jar:/home/max/.m2/repository/javax/enterprise/cdi-api/2.0.SP1/cdi-api-2.0.SP1.jar:/home/max/.m2/repository/org/eclipse/sisu/org.eclipse.sisu.inject/0.3.2/org.eclipse.sisu.inject-0.3.2.jar:/home/max/.m2/repository/org/apache/maven/wagon/wagon-http/3.0.0/wagon-http-3.0.0.jar:/home/max/.m2/repository/org/apache/maven/wagon/wagon-http-shared/3.0.0/wagon-http-shared-3.0.0.jar:/home/max/.m2/repository/org/jsoup/jsoup/1.8.3/jsoup-1.8.3.jar:/home/max/.m2/repository/org/apache/httpcomponents/httpclient/4.5.3/httpclient-4.5.3.jar:/home/max/.m2/repository/commons-io/commons-io/2.6/commons-io-2.6.jar:/home/max/.m2/repository/org/slf4j/jcl-over-slf4j/1.7.26/jcl-over-slf4j-1.7.26.jar:/home/max/.m2/repository/org/sonatype/plexus/plexus-cipher/1.7/plexus-cipher-1.7.jar:/home/max/.m2/repository/org/drools/drools-compiler/7.33.0-SNAPSHOT/drools-compiler-7.33.0-SNAPSHOT.jar:/home/max/.m2/repository/org/kie/soup/kie-soup-commons/7.33.0-SNAPSHOT/kie-soup-commons-7.33.0-SNAPSHOT.jar:/home/max/.m2/repository/org/antlr/antlr-runtime/3.5.2/antlr-runtime-3.5.2.jar:/home/max/.m2/repository/org/mvel/mvel2/2.4.4.Final/mvel2-2.4.4.Final.jar:/home/max/.m2/repository/com/thoughtworks/xstream/xstream/1.4.11.1/xstream-1.4.11.1.jar:/home/max/.m2/repository/xmlpull/xmlpull/1.2.0/xmlpull-1.2.0.jar:/home/max/.m2/repository/xpp3/xpp3_min/1.2.0/xpp3_min-1.2.0.jar:/home/max/.m2/repository/com/google/protobuf/protobuf-java/3.6.1/protobuf-java-3.6.1.jar:/data/drools_w/drools-4974/openshift-drools-hacep/ha-remote/target/ha-remote.jar:/home/max/.m2/repository/org/slf4j/slf4j-api/1.7.26/slf4j-api-1.7.26.jar:/home/max/.m2/repository/org/apache/kafka/kafka-clients/2.2.1/kafka-clients-2.2.1.jar:/home/max/.m2/repository/com/github/luben/zstd-jni/1.3.8-1/zstd-jni-1.3.8-1.jar:/home/max/.m2/repository/org/lz4/lz4-java/1.5.0/lz4-java-1.5.0.jar:/home/max/.m2/repository/org/xerial/snappy/snappy-java/1.1.7.2/snappy-java-1.1.7.2.jar:/home/max/.m2/repository/io/fabric8/kubernetes-client/4.6.0/kubernetes-client-4.6.0.jar:/home/max/.m2/repository/io/fabric8/kubernetes-model/4.6.0/kubernetes-model-4.6.0.jar:/home/max/.m2/repository/io/fabric8/kubernetes-model-common/4.6.0/kubernetes-model-common-4.6.0.jar:/home/max/.m2/repository/com/squareup/okhttp3/okhttp/3.12.1/okhttp-3.12.1.jar:/home/max/.m2/repository/com/squareup/okio/okio/1.15.0/okio-1.15.0.jar:/home/max/.m2/repository/com/squareup/okhttp3/logging-interceptor/3.12.1/logging-interceptor-3.12.1.jar:/home/max/.m2/repository/org/slf4j/jul-to-slf4j/1.7.26/jul-to-slf4j-1.7.26.jar:/home/max/.m2/repository/com/fasterxml/jackson/dataformat/jackson-dataformat-yaml/2.9.9/jackson-dataformat-yaml-2.9.9.jar:/home/max/.m2/repository/org/yaml/snakeyaml/1.18/snakeyaml-1.18.jar:/home/max/.m2/repository/com/fasterxml/jackson/core/jackson-databind/2.9.10.1/jackson-databind-2.9.10.1.jar:/home/max/.m2/repository/com/fasterxml/jackson/core/jackson-annotations/2.9.9/jackson-annotations-2.9.9.jar:/home/max/.m2/repository/com/fasterxml/jackson/core/jackson-core/2.9.9/jackson-core-2.9.9.jar:/home/max/.m2/repository/io/fabric8/zjsonpatch/0.3.0/zjsonpatch-0.3.0.jar:/home/max/.m2/repository/com/github/mifmif/generex/1.0.2/generex-1.0.2.jar:/home/max/.m2/repository/dk/brics/automaton/automaton/1.11-8/automaton-1.11-8.jar:/home/max/.m2/repository/com/github/danielwegener/logback-kafka-appender/0.2.0-RC2/logback-kafka-appender-0.2.0-RC2.jar:/home/max/.m2/repository/ch/qos/logback/logback-classic/1.2.3/logback-classic-1.2.3.jar:/home/max/.m2/repository/ch/qos/logback/logback-core/1.2.3/logback-core-1.2.3.jar:/home/max/.m2/repository/org/powermock/powermock-module-junit4/1.7.4/powermock-module-junit4-1.7.4.jar:/home/max/.m2/repository/org/powermock/powermock-module-junit4-common/1.7.4/powermock-module-junit4-common-1.7.4.jar:/home/max/.m2/repository/org/powermock/powermock-reflect/1.7.4/powermock-reflect-1.7.4.jar:/home/max/.m2/repository/org/powermock/powermock-core/1.7.4/powermock-core-1.7.4.jar:/home/max/.m2/repository/org/javassist/javassist/3.22.0-GA/javassist-3.22.0-GA.jar:/home/max/.m2/repository/org/hamcrest/hamcrest-core/1.3/hamcrest-core-1.3.jar:/home/max/.m2/repository/org/powermock/powermock-api-mockito/1.7.4/powermock-api-mockito-1.7.4.jar:/home/max/.m2/repository/org/powermock/powermock-api-mockito-common/1.7.4/powermock-api-mockito-common-1.7.4.jar:/home/max/.m2/repository/org/powermock/powermock-api-support/1.7.4/powermock-api-support-1.7.4.jar:/home/max/.m2/repository/org/apache/kafka/kafka_2.12/2.2.1/kafka_2.12-2.2.1.jar:/home/max/.m2/repository/com/fasterxml/jackson/datatype/jackson-datatype-jdk8/2.10.1/jackson-datatype-jdk8-2.10.1.jar:/home/max/.m2/repository/net/sf/jopt-simple/jopt-simple/5.0.4/jopt-simple-5.0.4.jar:/home/max/.m2/repository/com/yammer/metrics/metrics-core/2.2.0/metrics-core-2.2.0.jar:/home/max/.m2/repository/org/scala-lang/scala-library/2.12.8/scala-library-2.12.8.jar:/home/max/.m2/repository/org/scala-lang/scala-reflect/2.12.8/scala-reflect-2.12.8.jar:/home/max/.m2/repository/com/typesafe/scala-logging/scala-logging_2.12/3.9.0/scala-logging_2.12-3.9.0.jar:/home/max/.m2/repository/com/101tec/zkclient/0.11/zkclient-0.11.jar:/home/max/.m2/repository/org/apache/zookeeper/zookeeper/3.4.13/zookeeper-3.4.13.jar:/home/max/.m2/repository/org/apache/yetus/audience-annotations/0.5.0/audience-annotations-0.5.0.jar:/home/max/.m2/repository/org/apache/kafka/kafka_2.12/2.2.1/kafka_2.12-2.2.1-test.jar:/home/max/.m2/repository/org/apache/kafka/kafka-clients/2.2.1/kafka-clients-2.2.1-test.jar:/home/max/.m2/repository/junit/junit/4.12/junit-4.12.jar:/home/max/.m2/repository/org/mockito/mockito-core/1.10.19/mockito-core-1.10.19.jar:/home/max/.m2/repository/org/objenesis/objenesis/2.1/objenesis-2.1.jar:"/>
    <property name="sun.cpu.endian" value="little"/>
    <property name="user.home" value="/home/max"/>
    <property name="user.language" value="it"/>
    <property name="java.specification.vendor" value="Oracle Corporation"/>
    <property name="java.home" value="/home/max/.sdkman/candidates/java/8.0.232-open/jre"/>
    <property name="basedir" value="/data/drools_w/drools-4974/openshift-drools-hacep/ha-core-infra"/>
    <property name="file.separator" value="/"/>
    <property name="line.separator" value="&#10;"/>
    <property name="java.vm.specification.vendor" value="Oracle Corporation"/>
    <property name="java.specification.name" value="Java Platform API Specification"/>
    <property name="java.awt.graphicsenv" value="sun.awt.X11GraphicsEnvironment"/>
    <property name="org.uberfire.sys.repo.monitor.disabled" value="true"/>
    <property name="surefire.real.class.path" value="/data/drools_w/drools-4974/openshift-drools-hacep/ha-core-infra/target/surefire/surefirebooter8305531782001420079.jar"/>
    <property name="sun.boot.class.path" value="/home/max/.sdkman/candidates/java/8.0.232-open/jre/lib/resources.jar:/home/max/.sdkman/candidates/java/8.0.232-open/jre/lib/rt.jar:/home/max/.sdkman/candidates/java/8.0.232-open/jre/lib/sunrsasign.jar:/home/max/.sdkman/candidates/java/8.0.232-open/jre/lib/jsse.jar:/home/max/.sdkman/candidates/java/8.0.232-open/jre/lib/jce.jar:/home/max/.sdkman/candidates/java/8.0.232-open/jre/lib/charsets.jar:/home/max/.sdkman/candidates/java/8.0.232-open/jre/lib/jfr.jar:/home/max/.sdkman/candidates/java/8.0.232-open/jre/classes"/>
    <property name="sun.management.compiler" value="HotSpot 64-Bit Tiered Compilers"/>
    <property name="java.runtime.version" value="1.8.0_232-b09"/>
    <property name="user.name" value="max"/>
    <property name="path.separator" value=":"/>
    <property name="os.version" value="5.3.0-26-generic"/>
    <property name="java.endorsed.dirs" value="/home/max/.sdkman/candidates/java/8.0.232-open/jre/lib/endorsed"/>
    <property name="java.runtime.name" value="OpenJDK Runtime Environment"/>
    <property name="file.encoding" value="UTF-8"/>
    <property name="java.vm.name" value="OpenJDK 64-Bit Server VM"/>
    <property name="org.uberfire.nio.git.ssh.enabled" value="false"/>
    <property name="localRepository" value="/home/max/.m2/repository"/>
    <property name="java.vendor.url.bug" value="http://bugreport.sun.com/bugreport/"/>
    <property name="java.io.tmpdir" value="/data/drools_w/drools-4974/openshift-drools-hacep/ha-core-infra/target"/>
    <property name="java.version" value="1.8.0_232"/>
    <property name="user.dir" value="/data/drools_w/drools-4974/openshift-drools-hacep/ha-core-infra"/>
    <property name="os.arch" value="amd64"/>
    <property name="java.vm.specification.name" value="Java Virtual Machine Specification"/>
    <property name="java.awt.printerjob" value="sun.print.PSPrinterJob"/>
    <property name="sun.os.patch.level" value="unknown"/>
    <property name="java.library.path" value="/usr/java/packages/lib/amd64:/usr/lib64:/lib64:/lib:/usr/lib"/>
    <property name="java.vm.info" value="mixed mode"/>
    <property name="java.vendor" value="Oracle Corporation"/>
    <property name="java.vm.version" value="25.232-b09"/>
    <property name="java.ext.dirs" value="/home/max/.sdkman/candidates/java/8.0.232-open/jre/lib/ext:/usr/java/packages/lib/ext"/>
    <property name="sun.io.unicode.encoding" value="UnicodeLittle"/>
    <property name="apple.awt.UIElement" value="true"/>
    <property name="java.class.version" value="52.0"/>
  </properties>
  <testcase name="askAKafkaConsumerWithoutServerUpTest" classname="org.kie.hacep.core.infra.SnapshotOnDemandUtilsTest" time="59.999"/>
  <testcase name="askASnapshotWithoutServerUpTest" classname="org.kie.hacep.core.infra.SnapshotOnDemandUtilsTest" time="60.004"/>
</testsuite>